=== Thu Apr 16 07:36:03 CDT 2026 ===
Generating audio with macOS say (voice: Evan (Enhanced))...
Audio saved: /Users/ppickens/Documents/jira-podcast/episodes/episode-2026-04-16.mp3 (2316791 bytes, 2:24)
Updating RSS feed...
awk: newline in string     <item>
      <ti... at source line 1
awk: newline in string     <item>
      <ti... at source line 1
awk: newline in string     <item>
      <ti... at source line 1
=== Fri Apr 17 07:13:34 CDT 2026 ===
Generating audio with macOS say (voice: Evan (Enhanced))...
Audio saved: /Users/ppickens/Documents/jira-podcast/episodes/episode-2026-04-17.mp3 (1969467 bytes, 2:03)
Updating RSS feed...
Pruning old episodes (keeping latest)...
Pushing to GitHub...
[main dcc98cf] Episode: 2026-04-17
 12 files changed, 66 insertions(+), 47 deletions(-)
 create mode 100644 .gitignore
 delete mode 100644 episodes/episode-2026-04-15.mp3
 delete mode 100644 episodes/episode-2026-04-16.mp3
 create mode 100644 episodes/episode-2026-04-17.mp3
 create mode 100644 launchd-stderr.log
 create mode 100644 launchd-stdout.log
 create mode 100644 scripts/podcast-script-2026-04-16.txt
 create mode 100644 scripts/podcast-script-2026-04-17.txt
To https://github.com/paulpickens/jira-podcast.git
   8356959..dcc98cf  main -> main
Done. Episode live at: https://paulpickens.github.io/jira-podcast/episodes/episode-2026-04-17.mp3
Feed URL: https://paulpickens.github.io/jira-podcast/feed.xml
=== Fri Apr 17 07:36:55 CDT 2026 ===
Episode already exists: /Users/ppickens/jira-podcast/episodes/episode-2026-04-17.mp3 — skipping.
=== Fri Apr 17 07:38:02 CDT 2026 ===
Generating audio with macOS say (voice: Evan (Enhanced))...
Audio saved: /Users/ppickens/jira-podcast/episodes/episode-2026-04-17.mp3 (1969467 bytes, 2:03)
Updating RSS feed...
Pushing to GitHub...
[main 43a0ccf] Episode: 2026-04-17
 7 files changed, 28 insertions(+), 7 deletions(-)
To https://github.com/paulpickens/jira-podcast.git
   d8b6ad6..43a0ccf  main -> main
Done. Episode live at: https://paulpickens.github.io/jira-podcast/episodes/episode-2026-04-17.mp3
Feed URL: https://paulpickens.github.io/jira-podcast/feed.xml
=== Mon Apr 20 05:15:05 CDT 2026 ===
Generating audio with macOS say (voice: Evan (Enhanced))...
Audio saved: /Users/ppickens/jira-podcast/episodes/episode-2026-04-20.mp3 (2023802 bytes, 2:06)
Updating RSS feed...
Pushing to GitHub...
[main 72028eb] Episode: 2026-04-20
 9 files changed, 38 insertions(+), 18 deletions(-)
 create mode 100644 .DS_Store
 create mode 100644 episodes/.DS_Store
 delete mode 100644 episodes/episode-2026-04-17.mp3
 create mode 100644 episodes/episode-2026-04-20.mp3
To https://github.com/paulpickens/jira-podcast.git
 ! [rejected]        main -> main (fetch first)
error: failed to push some refs to 'https://github.com/paulpickens/jira-podcast.git'
hint: Updates were rejected because the remote contains work that you do not
hint: have locally. This is usually caused by another repository pushing to
hint: the same ref. If you want to integrate the remote changes, use
hint: 'git pull' before pushing again.
hint: See the 'Note about fast-forwards' in 'git push --help' for details.
